#
# A fatal error has been detected by the Java Runtime Environment:
#
#  EXCEPTION_ACCESS_VIOLATION (0xc0000005) at pc=0x03b6de7a, pid=960, tid=4024
#
# JRE version: Java(TM) SE Runtime Environment (7.0_60-b15) (build 1.7.0_60-ea-b15)
# Java VM: Java HotSpot(TM) Client VM (24.60-b09 mixed mode, sharing windows-x86 )
# Problematic frame:
# C  [OpenAL32.dll+0xde7a]
#
# Failed to write core dump. Minidumps are not enabled by default on client versions of Windows
#
# If you would like to submit a bug report, please visit:
#   http://bugreport.sun.com/bugreport/crash.jsp
# The crash happened outside the Java Virtual Machine in native code.
# See problematic frame for where to report the bug.
#

---------------  T H R E A D  ---------------

Current thread (0x003cb800):  JavaThread "main" [_thread_in_native, id=4024, stack(0x00900000,0x00950000)]

siginfo: ExceptionCode=0xc0000005, reading address 0x02ee9004

Registers:
EAX=0x02ee9004, EBX=0x00000001, ECX=0x03ca0050, EDX=0x00737361
ESP=0x0094fa28, EBP=0x0094fa58, ESI=0x03ca0050, EDI=0x02ee8ffc
EIP=0x03b6de7a, EFLAGS=0x00210202

Top of Stack: (sp=0x0094fa28)
0x0094fa28:   00000001 03ca0050 003cbce0 003cc0cc
0x0094fa38:   000000ff 00aac97c 003ca178 03b6e54a
0x0094fa48:   00000004 0000ac44 00000002 32cb1738
0x0094fa58:   0094fa6c 03b6ef0d 003cb800 32cb1738
0x0094fa68:   32cb1738 0094fac0 10005aa0 03ca0050
0x0094fa78:   02ee8ffc 00a7aabd 003cb930 0094fac8
0x0094fa88:   03ca0050 00000000 02ee8ffc 00000000
0x0094fa98:   003cc0f4 003cc0f4 0094faa0 32cb1738 

Instructions: (pc=0x03b6de7a)
0x03b6de5a:   02 8b d9 2b cb 89 4d e0 81 fa 03 00 02 00 75 06
0x03b6de6a:   8b 40 04 89 45 f0 83 45 f8 02 8b 45 f8 8d 04 87
0x03b6de7a:   83 38 00 75 b3 8d 45 f4 50 68 7c e8 b9 03 6a 00
0x03b6de8a:   e8 6a 4e 00 00 b8 40 1f 00 00 83 c4 0c 39 45 f4 


Register to memory mapping:

EAX=0x02ee9004 is an unknown value
EBX=0x00000001 is an unknown value
ECX=0x03ca0050 is an unknown value
EDX=0x00737361 is an unknown value
ESP=0x0094fa28 is pointing into the stack for thread: 0x003cb800
EBP=0x0094fa58 is pointing into the stack for thread: 0x003cb800
ESI=0x03ca0050 is an unknown value
EDI=0x02ee8ffc is an unknown value


Stack: [0x00900000,0x00950000],  sp=0x0094fa28,  free space=318k
Native frames: (J=compiled Java code, j=interpreted, Vv=VM code, C=native code)
C  [OpenAL32.dll+0xde7a]
C  [OpenAL32.dll+0xef0d]
C  [lwjgl.dll+0x5aa0]
j  org.lwjgl.openal.ALC10.alcCreateContext(Lorg/lwjgl/openal/ALCdevice;Ljava/nio/IntBuffer;)Lorg/lwjgl/openal/ALCcontext;+8
j  org.lwjgl.openal.AL.init(Ljava/lang/String;IIZZ)V+69
j  org.lwjgl.openal.AL.create(Ljava/lang/String;IIZZ)V+227
j  org.lwjgl.openal.AL.create(Ljava/lang/String;IIZ)V+5
j  org.lwjgl.openal.AL.create()V+6
j  com.badlogic.gdx.backends.lwjgl.audio.OpenALAudio.<init>(III)V+121
j  com.badlogic.gdx.backends.lwjgl.LwjglApplication.<init>(Lcom/badlogic/gdx/ApplicationListener;Lcom/badlogic/gdx/backends/lwjgl/LwjglApplicationConfiguration;Lcom/badlogic/gdx/backends/lwjgl/LwjglGraphics;)V+107
j  com.badlogic.gdx.backends.lwjgl.LwjglApplication.<init>(Lcom/badlogic/gdx/ApplicationListener;Lcom/badlogic/gdx/backends/lwjgl/LwjglApplicationConfiguration;)V+11
j  com.magicaround.linesf.desktop.DesktopLauncher.main([Ljava/lang/String;)V+82
v  ~StubRoutines::call_stub
V  [jvm.dll+0x140cca]
V  [jvm.dll+0x2050fe]
V  [jvm.dll+0x140d4d]
V  [jvm.dll+0xca4c5]
V  [jvm.dll+0xd5167]
C  [javaw.exe+0x2070]
C  [javaw.exe+0xa5e1]
C  [javaw.exe+0xa66b]
C  [kernel32.dll+0xb729]

Java frames: (J=compiled Java code, j=interpreted, Vv=VM code)
j  org.lwjgl.openal.ALC10.nalcCreateContext(JJ)J+0
j  org.lwjgl.openal.ALC10.alcCreateContext(Lorg/lwjgl/openal/ALCdevice;Ljava/nio/IntBuffer;)Lorg/lwjgl/openal/ALCcontext;+8
j  org.lwjgl.openal.AL.init(Ljava/lang/String;IIZZ)V+69
j  org.lwjgl.openal.AL.create(Ljava/lang/String;IIZZ)V+227
j  org.lwjgl.openal.AL.create(Ljava/lang/String;IIZ)V+5
j  org.lwjgl.openal.AL.create()V+6
j  com.badlogic.gdx.backends.lwjgl.audio.OpenALAudio.<init>(III)V+121
j  com.badlogic.gdx.backends.lwjgl.LwjglApplication.<init>(Lcom/badlogic/gdx/ApplicationListener;Lcom/badlogic/gdx/backends/lwjgl/LwjglApplicationConfiguration;Lcom/badlogic/gdx/backends/lwjgl/LwjglGraphics;)V+107
j  com.badlogic.gdx.backends.lwjgl.LwjglApplication.<init>(Lcom/badlogic/gdx/ApplicationListener;Lcom/badlogic/gdx/backends/lwjgl/LwjglApplicationConfiguration;)V+11
j  com.magicaround.linesf.desktop.DesktopLauncher.main([Ljava/lang/String;)V+82
v  ~StubRoutines::call_stub

---------------  P R O C E S S  ---------------

Java Threads: ( => current thread )
  0x00a04800 JavaThread "Service Thread" daemon [_thread_blocked, id=3644, stack(0x02e30000,0x02e80000)]
  0x009fec00 JavaThread "C1 CompilerThread0" daemon [_thread_blocked, id=3168, stack(0x02de0000,0x02e30000)]
  0x009fd000 JavaThread "Attach Listener" daemon [_thread_blocked, id=3160, stack(0x02d90000,0x02de0000)]
  0x009fbc00 JavaThread "Signal Dispatcher" daemon [_thread_blocked, id=3680, stack(0x02d40000,0x02d90000)]
  0x00992400 JavaThread "Finalizer" daemon [_thread_blocked, id=3200, stack(0x02cf0000,0x02d40000)]
  0x0098d400 JavaThread "Reference Handler" daemon [_thread_blocked, id=592, stack(0x02ca0000,0x02cf0000)]
=>0x003cb800 JavaThread "main" [_thread_in_native, id=4024, stack(0x00900000,0x00950000)]

Other Threads:
  0x0098b800 VMThread [stack: 0x02c50000,0x02ca0000] [id=3452]
  0x00a10400 WatcherThread [stack: 0x02e80000,0x02ed0000] [id=4032]

VM state:not at safepoint (normal execution)

VM Mutex/Monitor currently owned by a thread: None

Heap
 def new generation   total 4928K, used 775K [0x22c00000, 0x23150000, 0x28150000)
  eden space 4416K,   5% used [0x22c00000, 0x22c41d88, 0x23050000)
  from space 512K, 100% used [0x230d0000, 0x23150000, 0x23150000)
  to   space 512K,   0% used [0x23050000, 0x23050000, 0x230d0000)
 tenured generation   total 10944K, used 314K [0x28150000, 0x28c00000, 0x32c00000)
   the space 10944K,   2% used [0x28150000, 0x2819e920, 0x2819ea00, 0x28c00000)
 compacting perm gen  total 12288K, used 745K [0x32c00000, 0x33800000, 0x36c00000)
   the space 12288K,   6% used [0x32c00000, 0x32cba678, 0x32cba800, 0x33800000)
    ro space 10240K,  42% used [0x36c00000, 0x37034750, 0x37034800, 0x37600000)
    rw space 12288K,  52% used [0x37600000, 0x37c49a78, 0x37c49c00, 0x38200000)

Card table byte_map: [0x02af0000,0x02ba0000] byte_map_base: 0x029da000

Polling page: 0x003f0000

Code Cache  [0x00a70000, 0x00b30000, 0x02a70000)
 total_blobs=237 nmethods=81 adapters=93 free_code_cache=32021Kb largest_free_block=32790208

Compilation events (10 events):
Event: 24.299 Thread 0x009fec00   77             java.lang.ThreadLocal::get (34 bytes)
Event: 24.299 Thread 0x009fec00 nmethod 77 0x00b26288 code [0x00b263b0, 0x00b264b4]
Event: 25.180 Thread 0x009fec00   78             sun.misc.URLClassPath::getResource (74 bytes)
Event: 25.180 Thread 0x009fec00 nmethod 78 0x00b267c8 code [0x00b268e0, 0x00b269e8]
Event: 25.729 Thread 0x009fec00   79   !         java.net.URL::<init> (543 bytes)
Event: 25.732 Thread 0x009fec00 nmethod 79 0x00b26ac8 code [0x00b26dd0, 0x00b27c58]
Event: 25.732 Thread 0x009fec00   80   !         sun.misc.URLClassPath$JarLoader::getResource (91 bytes)
Event: 25.732 Thread 0x009fec00 nmethod 80 0x00b29c88 code [0x00b29e30, 0x00b2a2e0]
Event: 31.448 Thread 0x009fec00   81             java.util.HashMap::indexFor (6 bytes)
Event: 31.448 Thread 0x009fec00 nmethod 81 0x00b2a788 code [0x00b2a880, 0x00b2a8f0]

GC Heap History (2 events):
Event: 25.315 GC heap before
{Heap before GC invocations=0 (full 0):
 def new generation   total 4928K, used 4416K [0x22c00000, 0x23150000, 0x28150000)
  eden space 4416K, 100% used [0x22c00000, 0x23050000, 0x23050000)
  from space 512K,   0% used [0x23050000, 0x23050000, 0x230d0000)
  to   space 512K,   0% used [0x230d0000, 0x230d0000, 0x23150000)
 tenured generation   total 10944K, used 0K [0x28150000, 0x28c00000, 0x32c00000)
   the space 10944K,   0% used [0x28150000, 0x28150000, 0x28150200, 0x28c00000)
 compacting perm gen  total 12288K, used 728K [0x32c00000, 0x33800000, 0x36c00000)
   the space 12288K,   5% used [0x32c00000, 0x32cb6050, 0x32cb6200, 0x33800000)
    ro space 10240K,  42% used [0x36c00000, 0x37034750, 0x37034800, 0x37600000)
    rw space 12288K,  52% used [0x37600000, 0x37c49a78, 0x37c49c00, 0x38200000)
Event: 25.546 GC heap after
Heap after GC invocations=1 (full 0):
 def new generation   total 4928K, used 512K [0x22c00000, 0x23150000, 0x28150000)
  eden space 4416K,   0% used [0x22c00000, 0x22c00000, 0x23050000)
  from space 512K, 100% used [0x230d0000, 0x23150000, 0x23150000)
  to   space 512K,   0% used [0x23050000, 0x23050000, 0x230d0000)
 tenured generation   total 10944K, used 314K [0x28150000, 0x28c00000, 0x32c00000)
   the space 10944K,   2% used [0x28150000, 0x2819e920, 0x2819ea00, 0x28c00000)
 compacting perm gen  total 12288K, used 728K [0x32c00000, 0x33800000, 0x36c00000)
   the space 12288K,   5% used [0x32c00000, 0x32cb6050, 0x32cb6200, 0x33800000)
    ro space 10240K,  42% used [0x36c00000, 0x37034750, 0x37034800, 0x37600000)
    rw space 12288K,  52% used [0x37600000, 0x37c49a78, 0x37c49c00, 0x38200000)
}

Deoptimization events (0 events):
No events

Internal exceptions (10 events):
Event: 25.161 Thread 0x003cb800 Threw 0x23027e40 at C:\re\jdk7u60\996.nc\hotspot\src\share\vm\prims\jvm.cpp:1244
Event: 25.180 Thread 0x003cb800 Threw 0x23036cb0 at C:\re\jdk7u60\996.nc\hotspot\src\share\vm\prims\jvm.cpp:1244
Event: 25.289 Thread 0x003cb800 Threw 0x23044128 at C:\re\jdk7u60\996.nc\hotspot\src\share\vm\prims\jvm.cpp:1244
Event: 25.290 Thread 0x003cb800 Threw 0x2304a590 at C:\re\jdk7u60\996.nc\hotspot\src\share\vm\prims\jvm.cpp:1244
Event: 25.728 Thread 0x003cb800 Threw 0x22c040e8 at C:\re\jdk7u60\996.nc\hotspot\src\share\vm\prims\jvm.cpp:1244
Event: 25.729 Thread 0x003cb800 Threw 0x22c09e08 at C:\re\jdk7u60\996.nc\hotspot\src\share\vm\prims\jvm.cpp:1244
Event: 31.162 Thread 0x003cb800 Threw 0x22c11988 at C:\re\jdk7u60\996.nc\hotspot\src\share\vm\prims\jvm.cpp:1244
Event: 31.203 Thread 0x003cb800 Threw 0x22c18a90 at C:\re\jdk7u60\996.nc\hotspot\src\share\vm\prims\jvm.cpp:1244
Event: 31.419 Thread 0x003cb800 Threw 0x22c1f4c0 at C:\re\jdk7u60\996.nc\hotspot\src\share\vm\prims\jvm.cpp:1244
Event: 31.448 Thread 0x003cb800 Threw 0x22c25c40 at C:\re\jdk7u60\996.nc\hotspot\src\share\vm\prims\jvm.cpp:1244

Events (10 events):
Event: 31.162 loading class 0x00a4dd80
Event: 31.162 loading class 0x00a4dd80 done
Event: 31.202 loading class 0x02ed9480
Event: 31.202 loading class 0x02ed9480 done
Event: 31.203 loading class 0x382fb4f8
Event: 31.419 loading class 0x382fb4f8 done
Event: 31.419 loading class 0x00a4ddb0
Event: 31.419 loading class 0x00a4ddb0 done
Event: 31.448 loading class 0x02ef0958
Event: 31.448 loading class 0x02ef0958 done


Dynamic libraries:
0x00400000 - 0x0042f000 	C:\Program Files\Java\jre7\bin\javaw.exe
0x7c900000 - 0x7c9b3000 	C:\WINDOWS\system32\ntdll.dll
0x7c800000 - 0x7c8f8000 	C:\WINDOWS\system32\kernel32.dll
0x77dc0000 - 0x77e6c000 	C:\WINDOWS\system32\ADVAPI32.dll
0x77e70000 - 0x77f03000 	C:\WINDOWS\system32\RPCRT4.dll
0x77fe0000 - 0x77ff1000 	C:\WINDOWS\system32\Secur32.dll
0x7e360000 - 0x7e3f1000 	C:\WINDOWS\system32\USER32.dll
0x77f10000 - 0x77f59000 	C:\WINDOWS\system32\GDI32.dll
0x773c0000 - 0x774c3000 	C:\WINDOWS\WinSxS\x86_Microsoft.Windows.Common-Controls_6595b64144ccf1df_6.0.2600.6028_x-ww_61e65202\COMCTL32.dll
0x77c00000 - 0x77c58000 	C:\WINDOWS\system32\msvcrt.dll
0x77f60000 - 0x77fd6000 	C:\WINDOWS\system32\SHLWAPI.dll
0x76360000 - 0x7637d000 	C:\WINDOWS\system32\IMM32.DLL
0x78aa0000 - 0x78b5f000 	C:\Program Files\Java\jre7\bin\msvcr100.dll
0x6e770000 - 0x6eaf7000 	C:\Program Files\Java\jre7\bin\client\jvm.dll
0x71ab0000 - 0x71aba000 	C:\WINDOWS\system32\WSOCK32.dll
0x71a90000 - 0x71aa7000 	C:\WINDOWS\system32\WS2_32.dll
0x71a80000 - 0x71a88000 	C:\WINDOWS\system32\WS2HELP.dll
0x76b20000 - 0x76b4e000 	C:\WINDOWS\system32\WINMM.dll
0x76be0000 - 0x76beb000 	C:\WINDOWS\system32\PSAPI.DLL
0x6e6c0000 - 0x6e6cc000 	C:\Program Files\Java\jre7\bin\verify.dll
0x6d480000 - 0x6d4a0000 	C:\Program Files\Java\jre7\bin\java.dll
0x6e750000 - 0x6e763000 	C:\Program Files\Java\jre7\bin\zip.dll
0x6e4b0000 - 0x6e4c4000 	C:\Program Files\Java\jre7\bin\net.dll
0x6e4d0000 - 0x6e4df000 	C:\Program Files\Java\jre7\bin\nio.dll
0x6cec0000 - 0x6cf3b000 	C:\Documents and Settings\администратор\Local Settings\Temp\libgdxАдминистратор\f0221303\gdx.dll
0x68000000 - 0x68036000 	C:\WINDOWS\system32\rsaenh.dll
0x769a0000 - 0x76a55000 	C:\WINDOWS\system32\USERENV.dll
0x5bd50000 - 0x5bda6000 	C:\WINDOWS\system32\netapi32.dll
0x76d50000 - 0x76d69000 	C:\WINDOWS\system32\IPHLPAPI.DLL
0x76d30000 - 0x76d48000 	C:\WINDOWS\system32\MPRAPI.dll
0x77cb0000 - 0x77ce2000 	C:\WINDOWS\system32\ACTIVEDS.dll
0x76e00000 - 0x76e25000 	C:\WINDOWS\system32\adsldpc.dll
0x76f50000 - 0x76f7d000 	C:\WINDOWS\system32\WLDAP32.dll
0x76b00000 - 0x76b11000 	C:\WINDOWS\system32\ATL.DLL
0x774d0000 - 0x7760e000 	C:\WINDOWS\system32\ole32.dll
0x77110000 - 0x7719b000 	C:\WINDOWS\system32\OLEAUT32.dll
0x76e70000 - 0x76e7e000 	C:\WINDOWS\system32\rtutils.dll
0x71bd0000 - 0x71be3000 	C:\WINDOWS\system32\SAMLIB.dll
0x77910000 - 0x77a04000 	C:\WINDOWS\system32\SETUPAPI.dll
0x10000000 - 0x1004d000 	C:\Documents and Settings\администратор\Local Settings\Temp\libgdxАдминистратор\75ed6c88\lwjgl.dll
0x5f220000 - 0x5f2ec000 	C:\WINDOWS\system32\OPENGL32.dll
0x5ff90000 - 0x5ffb1000 	C:\WINDOWS\system32\GLU32.dll
0x73720000 - 0x7376b000 	C:\WINDOWS\system32\DDRAW.dll
0x73b80000 - 0x73b86000 	C:\WINDOWS\system32\DCIMAN32.dll
0x77bf0000 - 0x77bf8000 	C:\WINDOWS\system32\VERSION.dll
0x03b60000 - 0x03bc5000 	C:\DOCUME~1\9B35~1\LOCALS~1\Temp\libgdxАдминистратор\75ed6c88\OpenAL32.dll
0x7c9c0000 - 0x7d1dc000 	C:\WINDOWS\system32\SHELL32.dll
0x746e0000 - 0x7472c000 	C:\WINDOWS\system32\MSCTF.dll
0x76fc0000 - 0x7703f000 	C:\WINDOWS\system32\CLBCATQ.DLL
0x77040000 - 0x77107000 	C:\WINDOWS\system32\COMRes.dll
0x73ed0000 - 0x73f2c000 	C:\WINDOWS\system32\dsound.dll
0x76c20000 - 0x76c4e000 	C:\WINDOWS\system32\WINTRUST.dll
0x77a70000 - 0x77b06000 	C:\WINDOWS\system32\CRYPT32.dll
0x77b10000 - 0x77b22000 	C:\WINDOWS\system32\MSASN1.dll
0x76c80000 - 0x76ca8000 	C:\WINDOWS\system32\IMAGEHLP.dll
0x72ce0000 - 0x72ce9000 	C:\WINDOWS\system32\wdmaud.drv
0x72cd0000 - 0x72cd8000 	C:\WINDOWS\system32\msacm32.drv
0x77bd0000 - 0x77be5000 	C:\WINDOWS\system32\MSACM32.dll
0x77bc0000 - 0x77bc7000 	C:\WINDOWS\system32\midimap.dll
0x73ea0000 - 0x73ea4000 	C:\WINDOWS\system32\KsUser.dll
0x59c60000 - 0x59d01000 	C:\WINDOWS\system32\dbghelp.dll

VM Arguments:
jvm_args: -Dfile.encoding=Cp1251 
java_command: com.magicaround.linesf.desktop.DesktopLauncher
Launcher Type: SUN_STANDARD

Environment Variables:
PATH=C:\Ruby193\bin;C:\Inprise\vbroker\bin;C:\Perl\site\bin;C:\Perl\bin;C:\WINDOWS\system32;C:\WINDOWS;C:\WINDOWS\System32\Wbem;C:\Program Files\ATI Technologies\ATI.ACE\Core-Static;C:\PROGRA~1\Borland\Delphi6\Bin;C:\PROGRA~1\Borland\Delphi6\Projects\Bpl;C:\Program Files\TortoiseHg\;c:\Program Files\apache-maven-3.1.1\bin\;c:\Program Files\jboss-as-7.1.1.Final\bin\;C:\Program Files\Microsoft\Web Platform Installer\;c:\php-5.3.5\php.exe
USERNAME=Администратор
OS=Windows_NT
PROCESSOR_IDENTIFIER=x86 Family 6 Model 15 Stepping 13, GenuineIntel



---------------  S Y S T E M  ---------------

OS: Windows XP Build 2600 Service Pack 3

CPU:total 2 (2 cores per cpu, 1 threads per core) family 6 model 15 stepping 13, cmov, cx8, fxsr, mmx, sse, sse2, sse3, ssse3, tsc

Memory: 4k page, physical 1047724k(19504k free), swap 4019532k(2499368k free)

vm_info: Java HotSpot(TM) Client VM (24.60-b09) for windows-x86 JRE (1.7.0_60-ea-b15), built on Apr 16 2014 17:24:30 by "java_re" with unknown MS VC++:1600

time: Fri Aug 01 11:19:24 2014
elapsed time: 32 seconds

